// 同步 ID: c3edc15c @ Tue Jun 30 21:26:31 UTC 2026
// 同步 ID: f9d7905e @ Wed Jul  1 02:32:07 UTC 2026
// 重构日志: 16b2eb77
// 重构日志: 20dc86f3
// 重构日志: 225890f9
// 重构日志: e324c311
// 同步 ID: d5419c84 @ Sat Jul  4 20:28:37 UTC 2026
// 重构日志: 8a24835d
// 同步 ID: 2c257981 @ Sun Jul  5 17:44:46 UTC 2026
// 重构日志: 7196a141
// 同步 ID: 2f6127d9 @ Mon Jul  6 10:32:17 UTC 2026
// 重构日志: 35a7b546
// 重构日志: f8ceb40d
// 重构日志: 977a633d
// 同步 ID: f90e22f7 @ Wed Jul  8 11:15:18 UTC 2026
// 重构日志: 4c668940
// 同步 ID: 928f95aa @ Wed Jul  8 15:08:39 UTC 2026
// 重构日志: 6d98698d
// 重构日志: bfd09e50
// 同步 ID: 6492264e @ Thu Jul  9 11:48:07 UTC 2026
// 重构日志: d80377d5
// 重构日志: 4291b9ad
// 重构日志: a5392226
// 重构日志: 2630f087
// 重构日志: eafe0405
// 重构日志: 54d93d17
// 重构日志: 155df283
// 重构日志: 005750a0
// 重构日志: 5bc1be33
// 同步 ID: 0fafcfc1 @ Tue Jul 14 04:39:54 UTC 2026
// 重构日志: df3517d7
